Unprocessed Message: *165*S*10000 RWF transferred to Samuel Carter (250791666666) from 36521838 at 2024-05-11 20:34:47 . Fee was: 100 RWF. New balance: 28300 RWF. Kugura ama inite cg interineti kuri MoMo, Kanda *182*2*1# .*EN#
------------------------------------------------------------
Unprocessed Message: *165*S*1000 RWF transferred to Samuel Carter (250790777777) from 36521838 at 2024-05-12 03:47:33 . Fee was: 20 RWF. New balance: 27280 RWF. Kugura ama inite cg interineti kuri MoMo, Kanda *182*2*1# .*EN#
------------------------------------------------------------
Unprocessed Message: *165*S*1700 RWF transferred to Samuel Carter (250788999999) from 36521838 at 2024-05-12 19:23:50 . Fee was: 100 RWF. New balance: 3080 RWF. Kugura ama inite cg interineti kuri MoMo, Kanda *182*2*1# .*EN#
------------------------------------------------------------
Unprocessed Message: *165*S*2000 RWF transferred to Alex Doe (250791666666) from 36521838 at 2024-05-12 20:49:30 . Fee was: 100 RWF. New balance: 980 RWF. Kugura ama inite cg interineti kuri MoMo, Kanda *182*2*1# .*EN#
------------------------------------------------------------
Unprocessed Message: *165*S*1800 RWF transferred to Robert Brown (250788999999) from 36521838 at 2024-05-14 09:11:32 . Fee was: 100 RWF. New balance: 4080 RWF. Kugura ama inite cg interineti kuri MoMo, Kanda *182*2*1# .*EN#
------------------------------------------------------------
Unprocessed Message: *165*S*2500 RWF transferred to Jane Smith (250791666666) from 36521838 at 2024-05-14 09:27:40 . Fee was: 100 RWF. New balance: 1480 RWF. Kugura ama inite cg interineti kuri MoMo, Kanda *182*2*1# .*EN#
------------------------------------------------------------
Unprocessed Message: *165*S*500 RWF transferred to Samuel Carter (250790777777) from 36521838 at 2024-05-14 14:01:57 . Fee was: 20 RWF. New balance: 960 RWF. Kugura ama inite cg interineti kuri MoMo, Kanda *182*2*1# .*EN#
------------------------------------------------------------
Unprocessed Message: *165*S*1800 RWF transferred to Alex Doe (250791666666) from 36521838 at 2024-05-14 19:21:16 . Fee was: 100 RWF. New balance: 4060 RWF. Kugura ama inite cg interineti kuri MoMo, Kanda *182*2*1# .*EN#
------------------------------------------------------------
Unprocessed Message: *164*S*Y'ello,A transaction of 25000 RWF by DIRECT PAYMENT LTD  on your MOMO account was successfully completed at 2024-05-14 21:01:00. Message from debit receiver: . Your new balance:4060 RWF. Fee was 0 RWF. Financial Transaction Id: 13947831685. External Transaction Id: 47842929.*EN#
------------------------------------------------------------
Unprocessed Message: *165*S*700 RWF transferred to Jane Smith (250790777777) from 36521838 at 2024-05-15 15:23:28 . Fee was: 20 RWF. New balance: 2940 RWF. Kugura ama inite cg interineti kuri MoMo, Kanda *182*2*1# .*EN#
------------------------------------------------------------
Unprocessed Message: *165*S*1500 RWF transferred to Robert Brown (250788999999) from 36521838 at 2024-05-15 18:04:03 . Fee was: 100 RWF. New balance: 1340 RWF. Kugura ama inite cg interineti kuri MoMo, Kanda *182*2*1# .*EN#
------------------------------------------------------------
Unprocessed Message: *165*S*2800 RWF transferred to Linda Green (250788999999) from 36521838 at 2024-05-15 23:59:11 . Fee was: 100 RWF. New balance: 7440 RWF. Kugura ama inite cg interineti kuri MoMo, Kanda *182*2*1# .*EN#
------------------------------------------------------------
Unprocessed Message: *165*S*1300 RWF transferred to Linda Green (250789888888) from 36521838 at 2024-05-16 02:03:20 . Fee was: 100 RWF. New balance: 6040 RWF. Kugura ama inite cg interineti kuri MoMo, Kanda *182*2*1# .*EN#
------------------------------------------------------------
Unprocessed Message: *165*S*1500 RWF transferred to Jane Smith (250790777777) from 36521838 at 2024-05-17 10:35:37 . Fee was: 100 RWF. New balance: 2290 RWF. Kugura ama inite cg interineti kuri MoMo, Kanda *182*2*1# .*EN#
------------------------------------------------------------
Unprocessed Message: *165*S*1500 RWF transferred to Jane Smith (250791666666) from 36521838 at 2024-05-17 18:49:21 . Fee was: 100 RWF. New balance: 690 RWF. Kugura ama inite cg interineti kuri MoMo, Kanda *182*2*1# .*EN#
------------------------------------------------------------
Unprocessed Message: *165*S*500 RWF transferred to Robert Brown (250791666666) from 36521838 at 2024-05-20 09:32:49 . Fee was: 20 RWF. New balance: 4070 RWF. Kugura ama inite cg interineti kuri MoMo, Kanda *182*2*1# .*EN#
------------------------------------------------------------
Unprocessed Message: *165*S*1500 RWF transferred to Robert Brown (250789888888) from 36521838 at 2024-05-20 17:05:45 . Fee was: 100 RWF. New balance: 970 RWF. Kugura ama inite cg interineti kuri MoMo, Kanda *182*2*1# .*EN#
------------------------------------------------------------
Unprocessed Message: *165*S*1000 RWF transferred to Jane Smith (250788999999) from 36521838 at 2024-05-20 17:45:59 . Fee was: 20 RWF. New balance: 4950 RWF. Kugura ama inite cg interineti kuri MoMo, Kanda *182*2*1# .*EN#
------------------------------------------------------------
Unprocessed Message: *165*S*1500 RWF transferred to Samuel Carter (250791666666) from 36521838 at 2024-05-21 14:38:14 . Fee was: 100 RWF. New balance: 3350 RWF. Kugura ama inite cg interineti kuri MoMo, Kanda *182*2*1# .*EN#
------------------------------------------------------------
Unprocessed Message: *165*S*1700 RWF transferred to Jane Smith (250788999999) from 36521838 at 2024-05-21 17:42:48 . Fee was: 100 RWF. New balance: 1550 RWF. Kugura ama inite cg interineti kuri MoMo, Kanda *182*2*1# .*EN#
------------------------------------------------------------
Unprocessed Message: *165*S*5000 RWF transferred to Jane Smith (250789888888) from 36521838 at 2024-05-21 18:15:41 . Fee was: 100 RWF. New balance: 1450 RWF. Kugura ama inite cg interineti kuri MoMo, Kanda *182*2*1# .*EN#
------------------------------------------------------------
Unprocessed Message: *165*S*1800 RWF transferred to Jane Smith (250791666666) from 36521838 at 2024-05-24 11:43:58 . Fee was: 100 RWF. New balance: 4250 RWF. Kugura ama inite cg interineti kuri MoMo, Kanda *182*2*1# .*EN#
------------------------------------------------------------
Unprocessed Message: *165*S*1600 RWF transferred to Samuel Carter (250791666666) from 36521838 at 2024-05-24 18:18:36 . Fee was: 100 RWF. New balance: 50 RWF. Kugura ama inite cg interineti kuri MoMo, Kanda *182*2*1# .*EN#
------------------------------------------------------------
Unprocessed Message: *165*S*1500 RWF transferred to Jane Smith (250791666666) from 36521838 at 2024-05-26 02:24:44 . Fee was: 100 RWF. New balance: 4800 RWF. Kugura ama inite cg interineti kuri MoMo, Kanda *182*2*1# .*EN#
------------------------------------------------------------
Unprocessed Message: <#> Dear Customer, your MTN MoMo application one-time password is :2476.MTN MoMo does not recommend that you share or expose your one-time password with anyone. Be Vigilant. RdbS6eMOXvx N/RywfrtIZL>.
------------------------------------------------------------
Unprocessed Message: <#> Dear Customer, your MTN MoMo application one-time password is :2527.MTN MoMo does not recommend that you share or expose your one-time password with anyone. Be Vigilant. RdbS6eMOXvx N/RywfrtIZL>.
------------------------------------------------------------
Unprocessed Message: <#> Dear Customer, your MTN MoMo application one-time password is :2900.MTN MoMo does not recommend that you share or expose your one-time password with anyone. Be Vigilant. RdbS6eMOXvx N/RywfrtIZL>.
------------------------------------------------------------
Unprocessed Message: <#> Dear Customer, your MTN MoMo application one-time password is :9591.MTN MoMo does not recommend that you share or expose your one-time password with anyone. Be Vigilant. RdbS6eMOXvx N/RywfrtIZL>.
------------------------------------------------------------
Unprocessed Message: *165*S*25000 RWF transferred to Samuel Carter (250789888888) from 36521838 at 2024-05-26 14:51:13 . Fee was: 250 RWF. New balance: 550 RWF. Kugura ama inite cg interineti kuri MoMo, Kanda *182*2*1# .*EN#
------------------------------------------------------------
Unprocessed Message: *165*S*10000 RWF transferred to Samuel Carter (250791666666) from 36521838 at 2024-05-26 16:01:09 . Fee was: 100 RWF. New balance: 450 RWF. Kugura ama inite cg interineti kuri MoMo, Kanda *182*2*1# .*EN#
------------------------------------------------------------
Unprocessed Message: <#> Dear Customer, your MTN MoMo application one-time password is :4666.MTN MoMo does not recommend that you share or expose your one-time password with anyone. Be Vigilant. RdbS6eMOXvx N/RywfrtIZL>.
------------------------------------------------------------
Unprocessed Message: *165*S*1500 RWF transferred to Jane Smith (250789888888) from 36521838 at 2024-05-27 14:45:58 . Fee was: 100 RWF. New balance: 2150 RWF. Kugura ama inite cg interineti kuri MoMo, Kanda *182*2*1# .*EN#
------------------------------------------------------------
Unprocessed Message: <#> Dear Customer, your MTN MoMo application one-time password is :0086.MTN MoMo does not recommend that you share or expose your one-time password with anyone. Be Vigilant. RdbS6eMOXvx N/RywfrtIZL>.
------------------------------------------------------------
Unprocessed Message: *165*S*27000 RWF transferred to Samuel Carter (250791666666) from 36521838 at 2024-05-28 07:22:45 . Fee was: 250 RWF. New balance: 2900 RWF. Kugura ama inite cg interineti kuri MoMo, Kanda *182*2*1# .*EN#
------------------------------------------------------------
Unprocessed Message: *165*S*10000 RWF transferred to Alex Doe (250791666666) from 36521838 at 2024-05-29 17:19:05 . Fee was: 100 RWF. New balance: 6500 RWF. Kugura ama inite cg interineti kuri MoMo, Kanda *182*2*1# .*EN#
------------------------------------------------------------
Unprocessed Message: *165*S*6000 RWF transferred to Alex Doe (250788999999) from 36521838 at 2024-05-29 19:08:37 . Fee was: 100 RWF. New balance: 400 RWF. Kugura ama inite cg interineti kuri MoMo, Kanda *182*2*1# .*EN#
------------------------------------------------------------
Unprocessed Message: *165*S*1200 RWF transferred to Jane Smith (250789888888) from 36521838 at 2024-05-30 17:03:08 . Fee was: 100 RWF. New balance: 2300 RWF. Kugura ama inite cg interineti kuri MoMo, Kanda *182*2*1# .*EN#
------------------------------------------------------------
Unprocessed Message: *165*S*1500 RWF transferred to Robert Brown (250791666666) from 36521838 at 2024-05-30 19:06:00 . Fee was: 100 RWF. New balance: 700 RWF. Kugura ama inite cg interineti kuri MoMo, Kanda *182*2*1# .*EN#
------------------------------------------------------------
Unprocessed Message: *165*S*1000 RWF transferred to Linda Green (250788999999) from 36521838 at 2024-05-31 15:39:56 . Fee was: 20 RWF. New balance: 1480 RWF. Kugura ama inite cg interineti kuri MoMo, Kanda *182*2*1# .*EN#
------------------------------------------------------------
Unprocessed Message: *165*S*1500 RWF transferred to Samuel Carter (250789888888) from 36521838 at 2024-06-01 01:43:33 . Fee was: 100 RWF. New balance: 4880 RWF. Kugura ama inite cg interineti kuri MoMo, Kanda *182*2*1# .*EN#
------------------------------------------------------------
Unprocessed Message: *165*S*5000 RWF transferred to Jane Smith (250790777777) from 36521838 at 2024-06-01 11:30:05 . Fee was: 100 RWF. New balance: 4780 RWF. Kugura ama inite cg interineti kuri MoMo, Kanda *182*2*1# .*EN#
------------------------------------------------------------
Unprocessed Message: *165*S*10000 RWF transferred to Alex Doe (250790777777) from 36521838 at 2024-06-01 19:49:38 . Fee was: 100 RWF. New balance: 3730 RWF. Kugura ama inite cg interineti kuri MoMo, Kanda *182*2*1# .*EN#
------------------------------------------------------------
Unprocessed Message: *165*S*2000 RWF transferred to Alex Doe (250790777777) from 36521838 at 2024-06-02 17:28:41 . Fee was: 100 RWF. New balance: 130 RWF. Kugura ama inite cg interineti kuri MoMo, Kanda *182*2*1# .*EN#
------------------------------------------------------------
Unprocessed Message: *165*S*1500 RWF transferred to Robert Brown (250788999999) from 36521838 at 2024-06-03 09:24:24 . Fee was: 100 RWF. New balance: 1530 RWF. Kugura ama inite cg interineti kuri MoMo, Kanda *182*2*1# .*EN#
------------------------------------------------------------
Unprocessed Message: *165*S*1500 RWF transferred to Alex Doe (250791666666) from 36521838 at 2024-06-03 13:32:11 . Fee was: 100 RWF. New balance: 1430 RWF. Kugura ama inite cg interineti kuri MoMo, Kanda *182*2*1# .*EN#
------------------------------------------------------------
Unprocessed Message: *165*S*1500 RWF transferred to Linda Green (250790777777) from 36521838 at 2024-06-03 15:33:15 . Fee was: 100 RWF. New balance: 4830 RWF. Kugura ama inite cg interineti kuri MoMo, Kanda *182*2*1# .*EN#
------------------------------------------------------------
Unprocessed Message: *165*S*1500 RWF transferred to Samuel Carter (250788999999) from 36521838 at 2024-06-03 17:55:27 . Fee was: 100 RWF. New balance: 3230 RWF. Kugura ama inite cg interineti kuri MoMo, Kanda *182*2*1# .*EN#
------------------------------------------------------------
Unprocessed Message: *165*S*2000 RWF transferred to Robert Brown (250788999999) from 36521838 at 2024-06-05 09:49:59 . Fee was: 100 RWF. New balance: 7930 RWF. Kugura ama inite cg interineti kuri MoMo, Kanda *182*2*1# .*EN#
------------------------------------------------------------
Unprocessed Message: *165*S*3500 RWF transferred to Jane Smith (250789888888) from 36521838 at 2024-06-05 14:01:38 . Fee was: 100 RWF. New balance: 4330 RWF. Kugura ama inite cg interineti kuri MoMo, Kanda *182*2*1# .*EN#
------------------------------------------------------------
Unprocessed Message: *165*S*200000 RWF transferred to Jane Smith (250791666666) from 36521838 at 2024-06-05 18:07:34 . Fee was: 1500 RWF. New balance: 4330 RWF. Kugura ama inite cg interineti kuri MoMo, Kanda *182*2*1# .*EN#
------------------------------------------------------------
Unprocessed Message: *165*S*2000 RWF transferred to Robert Brown (250791666666) from 36521838 at 2024-06-05 18:29:19 . Fee was: 100 RWF. New balance: 2230 RWF. Kugura ama inite cg interineti kuri MoMo, Kanda *182*2*1# .*EN#
------------------------------------------------------------
Unprocessed Message: *165*S*2000 RWF transferred to Jane Smith (250788999999) from 36521838 at 2024-06-06 08:18:49 . Fee was: 100 RWF. New balance: 4530 RWF. Kugura ama inite cg interineti kuri MoMo, Kanda *182*2*1# .*EN#
------------------------------------------------------------
Unprocessed Message: *165*S*2000 RWF transferred to Jane Smith (250790777777) from 36521838 at 2024-06-06 09:57:28 . Fee was: 100 RWF. New balance: 2430 RWF. Kugura ama inite cg interineti kuri MoMo, Kanda *182*2*1# .*EN#
------------------------------------------------------------
Unprocessed Message: *165*S*1500 RWF transferred to Robert Brown (250790777777) from 36521838 at 2024-06-06 13:54:42 . Fee was: 100 RWF. New balance: 830 RWF. Kugura ama inite cg interineti kuri MoMo, Kanda *182*2*1# .*EN#
------------------------------------------------------------
Unprocessed Message: *164*S*Y'ello,A transaction of 600 RWF by INFORMATION TECHNOLOGY  ENGINEERING CONSTRUCTION   ITEC Ltd on your MOMO account was successfully completed at 2024-06-06 16:19:01. Message from debit receiver: ITEC Pay. Your new balance:230 RWF. Fee was 0 RWF. Financial Transaction Id: 14262449979. External Transaction Id: c5e8bfeb-33d8-4eb2-8d22-154e5ff5e310.*EN#
------------------------------------------------------------
Unprocessed Message: *165*S*1500 RWF transferred to Alex Doe (250789888888) from 36521838 at 2024-06-06 18:06:14 . Fee was: 100 RWF. New balance: 3630 RWF. Kugura ama inite cg interineti kuri MoMo, Kanda *182*2*1# .*EN#
------------------------------------------------------------
Unprocessed Message: *165*S*500 RWF transferred to Samuel Carter (250790777777) from 36521838 at 2024-06-07 07:52:59 . Fee was: 20 RWF. New balance: 5310 RWF. Kugura ama inite cg interineti kuri MoMo, Kanda *182*2*1# .*EN#
------------------------------------------------------------
Unprocessed Message: *165*S*400 RWF transferred to Robert Brown (250788999999) from 36521838 at 2024-06-07 16:51:27 . Fee was: 20 RWF. New balance: 16890 RWF. Kugura ama inite cg interineti kuri MoMo, Kanda *182*2*1# .*EN#
------------------------------------------------------------
Unprocessed Message: *165*S*1000 RWF transferred to Linda Green (250788999999) from 36521838 at 2024-06-07 17:29:00 . Fee was: 20 RWF. New balance: 15870 RWF. Kugura ama inite cg interineti kuri MoMo, Kanda *182*2*1# .*EN#
------------------------------------------------------------
Unprocessed Message: *165*S*1500 RWF transferred to Robert Brown (250789888888) from 36521838 at 2024-06-07 20:08:37 . Fee was: 100 RWF. New balance: 14270 RWF. Kugura ama inite cg interineti kuri MoMo, Kanda *182*2*1# .*EN#
------------------------------------------------------------
Unprocessed Message: *165*S*8000 RWF transferred to Jane Smith (250790777777) from 36521838 at 2024-06-07 20:36:44 . Fee was: 100 RWF. New balance: 6170 RWF. Kugura ama inite cg interineti kuri MoMo, Kanda *182*2*1# .*EN#
------------------------------------------------------------
Unprocessed Message: *165*S*800 RWF transferred to Linda Green (250788999999) from 36521838 at 2024-06-07 20:42:24 . Fee was: 20 RWF. New balance: 5350 RWF. Kugura ama inite cg interineti kuri MoMo, Kanda *182*2*1# .*EN#
------------------------------------------------------------
Unprocessed Message: Yello!Umaze kugura 2000Rwf(1GB)/30days igura 2,000 RWF
------------------------------------------------------------
Unprocessed Message: *165*S*1000 RWF transferred to Robert Brown (250790777777) from 36521838 at 2024-06-11 07:52:49 . Fee was: 20 RWF. New balance: 4330 RWF. Kugura ama inite cg interineti kuri MoMo, Kanda *182*2*1# .*EN#
------------------------------------------------------------
Unprocessed Message: *165*S*1500 RWF transferred to Samuel Carter (250789888888) from 36521838 at 2024-06-11 08:36:42 . Fee was: 100 RWF. New balance: 2730 RWF. Kugura ama inite cg interineti kuri MoMo, Kanda *182*2*1# .*EN#
------------------------------------------------------------
Unprocessed Message: *165*S*2000 RWF transferred to Jane Smith (250790777777) from 36521838 at 2024-06-11 09:47:27 . Fee was: 100 RWF. New balance: 630 RWF. Kugura ama inite cg interineti kuri MoMo, Kanda *182*2*1# .*EN#
------------------------------------------------------------
Unprocessed Message: *165*S*500 RWF transferred to Samuel Carter (250789888888) from 36521838 at 2024-06-11 14:05:01 . Fee was: 20 RWF. New balance: 110 RWF. Kugura ama inite cg interineti kuri MoMo, Kanda *182*2*1# .*EN#
------------------------------------------------------------
Unprocessed Message: *165*S*1700 RWF transferred to Alex Doe (250790777777) from 36521838 at 2024-06-11 17:03:44 . Fee was: 100 RWF. New balance: 3310 RWF. Kugura ama inite cg interineti kuri MoMo, Kanda *182*2*1# .*EN#
------------------------------------------------------------
Unprocessed Message: *165*S*2000 RWF transferred to Robert Brown (250788999999) from 36521838 at 2024-06-12 09:24:17 . Fee was: 100 RWF. New balance: 1210 RWF. Kugura ama inite cg interineti kuri MoMo, Kanda *182*2*1# .*EN#
------------------------------------------------------------
Unprocessed Message: *165*S*1500 RWF transferred to Alex Doe (250789888888) from 36521838 at 2024-06-12 13:21:47 . Fee was: 100 RWF. New balance: 1110 RWF. Kugura ama inite cg interineti kuri MoMo, Kanda *182*2*1# .*EN#
------------------------------------------------------------
